  FaceDetector.cpp
d:\doc\github_program_month_8\face-detector-1mb-with-landmark\face_detector_ncnn\FaceDetector.h(28): warning C4244: “初始化”: 从“__int64”转换到“double”，可能丢失数据
D:\doc\github_program_month_8\Face-Detector-1MB-with-landmark\Face_Detector_ncnn\FaceDetector.cpp(10): warning C4305: “初始化”: 从“double”到“float”截断
D:\doc\github_program_month_8\Face-Detector-1MB-with-landmark\Face_Detector_ncnn\FaceDetector.cpp(27): warning C4305: “初始化”: 从“double”到“float”截断
D:\doc\github_program_month_8\Face-Detector-1MB-with-landmark\Face_Detector_ncnn\FaceDetector.cpp(86): warning C4244: “=”: 从“double”转换到“float”，可能丢失数据
D:\doc\github_program_month_8\Face-Detector-1MB-with-landmark\Face_Detector_ncnn\FaceDetector.cpp(87): warning C4244: “=”: 从“double”转换到“float”，可能丢失数据
D:\doc\github_program_month_8\Face-Detector-1MB-with-landmark\Face_Detector_ncnn\FaceDetector.cpp(88): warning C4244: “=”: 从“double”转换到“float”，可能丢失数据
D:\doc\github_program_month_8\Face-Detector-1MB-with-landmark\Face_Detector_ncnn\FaceDetector.cpp(89): warning C4244: “=”: 从“double”转换到“float”，可能丢失数据
D:\doc\github_program_month_8\Face-Detector-1MB-with-landmark\Face_Detector_ncnn\FaceDetector.cpp(99): warning C4244: “=”: 从“int”转换到“float”，可能丢失数据
D:\doc\github_program_month_8\Face-Detector-1MB-with-landmark\Face_Detector_ncnn\FaceDetector.cpp(102): warning C4244: “=”: 从“int”转换到“float”，可能丢失数据
D:\doc\github_program_month_8\Face-Detector-1MB-with-landmark\Face_Detector_ncnn\FaceDetector.cpp(108): warning C4244: “=”: 从“double”转换到“float”，可能丢失数据
D:\doc\github_program_month_8\Face-Detector-1MB-with-landmark\Face_Detector_ncnn\FaceDetector.cpp(109): warning C4244: “=”: 从“double”转换到“float”，可能丢失数据
D:\doc\github_program_month_8\Face-Detector-1MB-with-landmark\Face_Detector_ncnn\FaceDetector.cpp(136): warning C4305: “=”: 从“double”到“float”截断
D:\doc\github_program_month_8\Face-Detector-1MB-with-landmark\Face_Detector_ncnn\FaceDetector.cpp(137): warning C4305: “=”: 从“double”到“float”截断
D:\doc\github_program_month_8\Face-Detector-1MB-with-landmark\Face_Detector_ncnn\FaceDetector.cpp(156): warning C4244: “参数”: 从“float”转换到“int”，可能丢失数据
D:\doc\github_program_month_8\Face-Detector-1MB-with-landmark\Face_Detector_ncnn\FaceDetector.cpp(157): warning C4244: “参数”: 从“float”转换到“int”，可能丢失数据
D:\doc\github_program_month_8\Face-Detector-1MB-with-landmark\Face_Detector_ncnn\FaceDetector.cpp(178): warning C4244: “初始化”: 从“double”转换到“float”，可能丢失数据
D:\doc\github_program_month_8\Face-Detector-1MB-with-landmark\Face_Detector_ncnn\FaceDetector.cpp(179): warning C4244: “初始化”: 从“double”转换到“float”，可能丢失数据
D:\doc\github_program_month_8\Face-Detector-1MB-with-landmark\Face_Detector_ncnn\FaceDetector.cpp(180): warning C4244: “初始化”: 从“double”转换到“float”，可能丢失数据
D:\doc\github_program_month_8\Face-Detector-1MB-with-landmark\Face_Detector_ncnn\FaceDetector.cpp(181): warning C4244: “初始化”: 从“double”转换到“float”，可能丢失数据
D:\doc\github_program_month_8\Face-Detector-1MB-with-landmark\Face_Detector_ncnn\FaceDetector.cpp(199): warning C4244: “参数”: 从“float”转换到“int”，可能丢失数据
D:\doc\github_program_month_8\Face-Detector-1MB-with-landmark\Face_Detector_ncnn\FaceDetector.cpp(200): warning C4244: “参数”: 从“float”转换到“int”，可能丢失数据
D:\doc\github_program_month_8\Face-Detector-1MB-with-landmark\Face_Detector_ncnn\FaceDetector.cpp(221): warning C4244: “初始化”: 从“double”转换到“float”，可能丢失数据
D:\doc\github_program_month_8\Face-Detector-1MB-with-landmark\Face_Detector_ncnn\FaceDetector.cpp(222): warning C4244: “初始化”: 从“double”转换到“float”，可能丢失数据
D:\doc\github_program_month_8\Face-Detector-1MB-with-landmark\Face_Detector_ncnn\FaceDetector.cpp(223): warning C4244: “初始化”: 从“double”转换到“float”，可能丢失数据
D:\doc\github_program_month_8\Face-Detector-1MB-with-landmark\Face_Detector_ncnn\FaceDetector.cpp(224): warning C4244: “初始化”: 从“double”转换到“float”，可能丢失数据
  main.cpp
d:\doc\github_program_month_8\face-detector-1mb-with-landmark\face_detector_ncnn\FaceDetector.h(28): warning C4244: “初始化”: 从“__int64”转换到“double”，可能丢失数据
D:\doc\github_program_month_8\Face-Detector-1MB-with-landmark\Face_Detector_ncnn\main.cpp(39): warning C4244: “初始化”: 从“int”转换到“float”，可能丢失数据
D:\doc\github_program_month_8\Face-Detector-1MB-with-landmark\Face_Detector_ncnn\main.cpp(42): warning C4244: “参数”: 从“float”转换到“int”，可能丢失数据
D:\doc\github_program_month_8\Face-Detector-1MB-with-landmark\Face_Detector_ncnn\main.cpp(43): warning C4244: “参数”: 从“float”转换到“int”，可能丢失数据
D:\doc\github_program_month_8\Face-Detector-1MB-with-landmark\Face_Detector_ncnn\main.cpp(59): warning C4244: “参数”: 从“float”转换到“int”，可能丢失数据
D:\doc\github_program_month_8\Face-Detector-1MB-with-landmark\Face_Detector_ncnn\main.cpp(64): warning C4244: “参数”: 从“float”转换到“int”，可能丢失数据
D:\doc\github_program_month_8\Face-Detector-1MB-with-landmark\Face_Detector_ncnn\main.cpp(65): warning C4244: “参数”: 从“float”转换到“int”，可能丢失数据
D:\doc\github_program_month_8\Face-Detector-1MB-with-landmark\Face_Detector_ncnn\main.cpp(66): warning C4244: “参数”: 从“float”转换到“int”，可能丢失数据
D:\doc\github_program_month_8\Face-Detector-1MB-with-landmark\Face_Detector_ncnn\main.cpp(67): warning C4244: “参数”: 从“float”转换到“int”，可能丢失数据
D:\doc\github_program_month_8\Face-Detector-1MB-with-landmark\Face_Detector_ncnn\main.cpp(68): warning C4244: “参数”: 从“float”转换到“int”，可能丢失数据
D:\doc\github_program_month_8\Face-Detector-1MB-with-landmark\Face_Detector_ncnn\main.cpp(69): warning C4244: “参数”: 从“float”转换到“int”，可能丢失数据
  正在生成代码
  All 832 functions were compiled because no usable IPDB/IOBJ from previous compilation was found.
  已完成代码的生成
  FaceDetector.vcxproj -> E:\vs_code\vs_c++_code\FaceDetector\x64\Release\FaceDetector.exe
  FaceDetector.vcxproj -> E:\vs_code\vs_c++_code\FaceDetector\x64\Release\FaceDetector.pdb (Full PDB)
